<?xml version="1.0" encoding="UTF-8"?>
<testsuite name="AppIntegrationTest" tests="2" skipped="0" failures="1" errors="0" timestamp="2016-02-12T17:12:10" hostname="epicodus-65.local" time="0.317">
  <properties/>
  <testcase name="replaceVowelWorks" classname="AppIntegrationTest" time="0.298">
    <failure message="java.lang.AssertionError: &#10;Expecting:&#10; &lt;&quot;&lt;?xml version=&quot;1.0&quot; encoding=&quot;UTF-8&quot;?&gt;&#13;&#10;&lt;html&gt;&#13;&#10;  &lt;head&gt;&#13;&#10;    &lt;title&gt;&#13;&#10;      Word Puzzle&#13;&#10;    &lt;/title&gt;&#13;&#10;    &lt;link rel=&quot;stylesheet&quot; href=&quot;https://maxcdn.bootstrapcdn.com/bootstrap/3.2.0/css/bootstrap.min.css&quot;/&gt;&#13;&#10;    &lt;link rel=&quot;stylesheet&quot; href=&quot;/styles.css&quot;/&gt;&#13;&#10;  &lt;/head&gt;&#13;&#10;  &lt;body&gt;&#13;&#10;    &lt;div class=&quot;container&quot;&gt;&#13;&#10;      &lt;div class=&quot;resultsContainer&quot;&gt;&#13;&#10;        &lt;h1&gt;&#13;&#10;          Your encrypted puzzle is...&#13;&#10;        &lt;/h1&gt;&#13;&#10;        &lt;h2&gt;&#13;&#10;          - -m s- br-k-&#13;&#10;        &lt;/h2&gt;&#13;&#10;        &lt;br/&gt;&#13;&#10;        &lt;br/&gt;&#13;&#10;        &lt;a href=&quot;/&quot;&gt;&#13;&#10;          &lt;button type=&quot;button&quot; name=&quot;newPuzzle&quot; id=&quot;newPuzzle&quot;/&gt;&#13;&#10;        &lt;/a&gt;&#13;&#10;      &lt;/div&gt;&#13;&#10;      &lt;form action=&quot;/&quot; method=&quot;get&quot;&gt;&#13;&#10;        &lt;div class=&quot;row&quot;&gt;&#13;&#10;          &lt;div class=&quot;col-md-4&quot;&gt;&#13;&#10;          &lt;/div&gt;&#13;&#10;          &lt;div class=&quot;col-md-4&quot;&gt;&#13;&#10;            &lt;div class=&quot;form-group&quot;&gt;&#13;&#10;              &lt;label for=&quot;userGuess&quot;&gt;&#13;&#10;                Guess the Phrase:&#13;&#10;              &lt;/label&gt;&#13;&#10;              &lt;textarea name=&quot;userGuess&quot; class=&quot;form-control&quot; rows=&quot;3&quot; id=&quot;userGuess&quot;&gt;&lt;/textarea&gt;            &lt;/div&gt;&#13;&#10;          &lt;/div&gt;&#13;&#10;          &lt;div class=&quot;col-md-4&quot;&gt;&#13;&#10;          &lt;/div&gt;&#13;&#10;        &lt;/div&gt;&#13;&#10;        &lt;br/&gt;&#13;&#10;        &lt;br/&gt;&#13;&#10;        &lt;div class=&quot;wrapper&quot;&gt;&#13;&#10;          &lt;button type=&quot;button&quot; class=&quot;btn btn-info&quot;&gt;&#13;&#10;            Guess!&#13;&#10;          &lt;/button&gt;&#13;&#10;        &lt;/div&gt;&#13;&#10;      &lt;/form&gt;&#13;&#10;    &lt;/div&gt;&#13;&#10;  &lt;/body&gt;&#13;&#10;&lt;/html&gt;&#13;&#10;&quot;&gt;&#10;to contain:&#10; &lt;&quot;- -M S- BR-K-&quot;&gt; " type="java.lang.AssertionError">java.lang.AssertionError: 
Expecting:
 &lt;&quot;&lt;?xml version=&quot;1.0&quot; encoding=&quot;UTF-8&quot;?&gt;
&lt;html&gt;
  &lt;head&gt;
    &lt;title&gt;
      Word Puzzle
    &lt;/title&gt;
    &lt;link rel=&quot;stylesheet&quot; href=&quot;https://maxcdn.bootstrapcdn.com/bootstrap/3.2.0/css/bootstrap.min.css&quot;/&gt;
    &lt;link rel=&quot;stylesheet&quot; href=&quot;/styles.css&quot;/&gt;
  &lt;/head&gt;
  &lt;body&gt;
    &lt;div class=&quot;container&quot;&gt;
      &lt;div class=&quot;resultsContainer&quot;&gt;
        &lt;h1&gt;
          Your encrypted puzzle is...
        &lt;/h1&gt;
        &lt;h2&gt;
          - -m s- br-k-
        &lt;/h2&gt;
        &lt;br/&gt;
        &lt;br/&gt;
        &lt;a href=&quot;/&quot;&gt;
          &lt;button type=&quot;button&quot; name=&quot;newPuzzle&quot; id=&quot;newPuzzle&quot;/&gt;
        &lt;/a&gt;
      &lt;/div&gt;
      &lt;form action=&quot;/&quot; method=&quot;get&quot;&gt;
        &lt;div class=&quot;row&quot;&gt;
          &lt;div class=&quot;col-md-4&quot;&gt;
          &lt;/div&gt;
          &lt;div class=&quot;col-md-4&quot;&gt;
            &lt;div class=&quot;form-group&quot;&gt;
              &lt;label for=&quot;userGuess&quot;&gt;
                Guess the Phrase:
              &lt;/label&gt;
              &lt;textarea name=&quot;userGuess&quot; class=&quot;form-control&quot; rows=&quot;3&quot; id=&quot;userGuess&quot;&gt;&lt;/textarea&gt;            &lt;/div&gt;
          &lt;/div&gt;
          &lt;div class=&quot;col-md-4&quot;&gt;
          &lt;/div&gt;
        &lt;/div&gt;
        &lt;br/&gt;
        &lt;br/&gt;
        &lt;div class=&quot;wrapper&quot;&gt;
          &lt;button type=&quot;button&quot; class=&quot;btn btn-info&quot;&gt;
            Guess!
          &lt;/button&gt;
        &lt;/div&gt;
      &lt;/form&gt;
    &lt;/div&gt;
  &lt;/body&gt;
&lt;/html&gt;
&quot;&gt;
to contain:
 &lt;&quot;- -M S- BR-K-&quot;&gt; 
	at AppIntegrationTest.replaceVowelWorks(AppIntegrationTest.java:28)
	at sun.reflect.NativeMethodAccessorImpl.invoke0(Native Method)
	at sun.reflect.NativeMethodAccessorImpl.invoke(NativeMethodAccessorImpl.java:62)
	at sun.reflect.DelegatingMethodAccessorImpl.invoke(DelegatingMethodAccessorImpl.java:43)
	at java.lang.reflect.Method.invoke(Method.java:497)
	at org.junit.runners.model.FrameworkMethod$1.runReflectiveCall(FrameworkMethod.java:50)
	at org.junit.internal.runners.model.ReflectiveCallable.run(ReflectiveCallable.java:12)
	at org.junit.runners.model.FrameworkMethod.invokeExplosively(FrameworkMethod.java:47)
	at org.junit.internal.runners.statements.InvokeMethod.evaluate(InvokeMethod.java:17)
	at org.junit.rules.TestWatcher$1.evaluate(TestWatcher.java:55)
	at org.junit.rules.TestWatcher$1.evaluate(TestWatcher.java:55)
	at org.junit.rules.RunRules.evaluate(RunRules.java:20)
	at org.junit.runners.ParentRunner.runLeaf(ParentRunner.java:325)
	at org.junit.runners.BlockJUnit4ClassRunner.runChild(BlockJUnit4ClassRunner.java:78)
	at org.junit.runners.BlockJUnit4ClassRunner.runChild(BlockJUnit4ClassRunner.java:57)
	at org.junit.runners.ParentRunner$3.run(ParentRunner.java:290)
	at org.junit.runners.ParentRunner$1.schedule(ParentRunner.java:71)
	at org.junit.runners.ParentRunner.runChildren(ParentRunner.java:288)
	at org.junit.runners.ParentRunner.access$000(ParentRunner.java:58)
	at org.junit.runners.ParentRunner$2.evaluate(ParentRunner.java:268)
	at org.junit.internal.runners.statements.RunAfters.evaluate(RunAfters.java:27)
	at org.junit.rules.ExternalResource$1.evaluate(ExternalResource.java:48)
	at org.junit.rules.RunRules.evaluate(RunRules.java:20)
	at org.junit.runners.ParentRunner.run(ParentRunner.java:363)
	at org.gradle.api.internal.tasks.testing.junit.JUnitTestClassExecuter.runTestClass(JUnitTestClassExecuter.java:105)
	at org.gradle.api.internal.tasks.testing.junit.JUnitTestClassExecuter.execute(JUnitTestClassExecuter.java:56)
	at org.gradle.api.internal.tasks.testing.junit.JUnitTestClassProcessor.processTestClass(JUnitTestClassProcessor.java:64)
	at org.gradle.api.internal.tasks.testing.SuiteTestClassProcessor.processTestClass(SuiteTestClassProcessor.java:50)
	at sun.reflect.NativeMethodAccessorImpl.invoke0(Native Method)
	at sun.reflect.NativeMethodAccessorImpl.invoke(NativeMethodAccessorImpl.java:62)
	at sun.reflect.DelegatingMethodAccessorImpl.invoke(DelegatingMethodAccessorImpl.java:43)
	at java.lang.reflect.Method.invoke(Method.java:497)
	at org.gradle.messaging.dispatch.ReflectionDispatch.dispatch(ReflectionDispatch.java:35)
	at org.gradle.messaging.dispatch.ReflectionDispatch.dispatch(ReflectionDispatch.java:24)
	at org.gradle.messaging.dispatch.ContextClassLoaderDispatch.dispatch(ContextClassLoaderDispatch.java:32)
	at org.gradle.messaging.dispatch.ProxyDispatchAdapter$DispatchingInvocationHandler.invoke(ProxyDispatchAdapter.java:93)
	at com.sun.proxy.$Proxy2.processTestClass(Unknown Source)
	at org.gradle.api.internal.tasks.testing.worker.TestWorker.processTestClass(TestWorker.java:106)
	at sun.reflect.NativeMethodAccessorImpl.invoke0(Native Method)
	at sun.reflect.NativeMethodAccessorImpl.invoke(NativeMethodAccessorImpl.java:62)
	at sun.reflect.DelegatingMethodAccessorImpl.invoke(DelegatingMethodAccessorImpl.java:43)
	at java.lang.reflect.Method.invoke(Method.java:497)
	at org.gradle.messaging.dispatch.ReflectionDispatch.dispatch(ReflectionDispatch.java:35)
	at org.gradle.messaging.dispatch.ReflectionDispatch.dispatch(ReflectionDispatch.java:24)
	at org.gradle.messaging.remote.internal.hub.MessageHub$Handler.run(MessageHub.java:360)
	at org.gradle.internal.concurrent.ExecutorPolicy$CatchAndRecordFailures.onExecute(ExecutorPolicy.java:54)
	at org.gradle.internal.concurrent.StoppableExecutorImpl$1.run(StoppableExecutorImpl.java:40)
	at java.util.concurrent.ThreadPoolExecutor.runWorker(ThreadPoolExecutor.java:1142)
	at java.util.concurrent.ThreadPoolExecutor$Worker.run(ThreadPoolExecutor.java:617)
	at java.lang.Thread.run(Thread.java:745)
</failure>
  </testcase>
  <testcase name="rootTest" classname="AppIntegrationTest" time="0.015"/>
  <system-out><![CDATA[]]></system-out>
  <system-err><![CDATA[[Thread-4] INFO spark.webserver.SparkServer - == Spark has ignited ...
[Thread-4] INFO spark.webserver.SparkServer - >> Listening on 0.0.0.0:4567
[Thread-4] INFO org.eclipse.jetty.server.Server - jetty-9.0.2.v20130417
[Thread-4] INFO org.eclipse.jetty.server.ServerConnector - Started ServerConnector@298fec43{HTTP/1.1}{0.0.0.0:4567}
[Test worker] INFO spark.webserver.SparkServer - >>> Spark shutting down ...
[Test worker] INFO org.eclipse.jetty.server.Server - Graceful shutdown org.eclipse.jetty.server.Server@695e0f89 by 
[Test worker] INFO org.eclipse.jetty.server.ServerConnector - Stopped ServerConnector@298fec43{HTTP/1.1}{0.0.0.0:4567}
[Test worker] INFO spark.webserver.SparkServer - done
]]></system-err>
</testsuite>
